Arguments: 
  C:\Program Files\nodejs\node.exe C:\Program Files (x86)\Yarn\bin\yarn.js add express

PATH: 
  C:\Program Files\Git\mingw64\bin;C:\Program Files\Git\usr\bin;C:\Users\Erics\bin;C:\Python27;C:\Python27\Scripts;C:\Windows\system32;C:\Windows;C:\Windows\System32\Wbem;C:\Windows\System32\WindowsPowerShell\v1.0;C:\Windows\System32\OpenSSH;C:\ProgramData\chocolatey\bin;C:\Program Files\Java\jdk1.8.0_211\bin;C:\Users\Erics\AppData\Local\Android\Sdk\platform-tools;C:\Program Files\Git\cmd;C:\Program Files (x86)\NVIDIA Corporation\PhysX\Common;C:\Program Files (x86)\Yarn\bin;C:\Program Files\nodejs;D:\src\flutter\bin;D:\Program Files\watchman;%USERPROFILE%\AppData\Local\Microsoft\WindowsApps;C:\Users\Erics\AppData\Local\Programs\Microsoft VS Code\bin;C:\Users\Erics\AppData\Local\Android\Sdk\platform-tools;C:\Users\Erics\AppData\Local\Yarn\bin;C:\Users\Erics\AppData\Roaming\npm;D:\src\flutter\bin;D:\Program Files\watchman;C:\Users\Erics\AppData\Local\hyper\app-3.0.2\resources\bin;C:\Users\Erics\appdata\local\hyper\app-3.0.2\resources\bin

Yarn version: 
  1.22.4

Node version: 
  14.2.0

Platform: 
  win32 x64

Trace: 
  Error: getaddrinfo ENOTFOUND registry.yarnpkg.com
      at GetAddrInfoReqWrap.onlookup [as oncomplete] (dns.js:66:26)

npm manifest: 
  {
    "name": "BackEnd",
    "version": "1.0.0",
    "main": "index.js",
    "author": "Eric Silva <ericsilvaccp@gmail.com>",
    "license": "MIT",
    "devDependencies": {
      "typescript": "^3.9.6"
    }
  }

yarn manifest: 
  No manifest

Lockfile: 
  # THIS IS AN AUTOGENERATED FILE. DO NOT EDIT THIS FILE DIRECTLY.
  # yarn lockfile v1
  
  
  typescript@^3.9.6:
    version "3.9.6"
    resolved "https://registry.yarnpkg.com/typescript/-/typescript-3.9.6.tgz#8f3e0198a34c3ae17091b35571d3afd31999365a"
    integrity sha512-Pspx3oKAPJtjNwE92YS05HQoY7z2SFyOpHo9MqJor3BXAGNaPUs83CuVp9VISFkSjyRfiTpmKuAYGJB7S7hOxw==
